Arguments: 
  C:\Program Files\nodejs\node.exe C:\Users\Old\AppData\Local\node\corepack\yarn\1.22.19\bin\yarn.js

PATH: 
  C:\Users\Old\bin;C:\Program Files\Git\mingw64\bin;C:\Program Files\Git\usr\local\bin;C:\Program Files\Git\usr\bin;C:\Program Files\Git\usr\bin;C:\Program Files\Git\mingw64\bin;C:\Program Files\Git\usr\bin;C:\Users\Old\bin;C:\Program Files (x86)\Common Files\Intel\Shared Libraries\redist\intel64\compiler;C:\Program Files (x86)\Common Files\Oracle\Java\javapath;C:\Windows\system32;C:\Windows;C:\Windows\System32\Wbem;C:\Windows\System32\WindowsPowerShell\v1.0;C:\Windows\System32\OpenSSH;C:\Program Files (x86)\NVIDIA Corporation\PhysX\Common;C:\Program Files\NVIDIA Corporation\NVIDIA NvDLISR;C:\WINDOWS\system32;C:\WINDOWS;C:\WINDOWS\System32\Wbem;C:\WINDOWS\System32\WindowsPowerShell\v1.0;C:\WINDOWS\System32\OpenSSH;C:\ProgramData\chocolatey\bin;C:\Program Files\OpenJDK\openjdk-11.0.15_10\bin;C:\Program Files\Git\cmd;C:\Program Files\nodejs;C:\Users\Old\AppData\Local\Microsoft\WindowsApps;C:\Users\Old\AppData\Local\Programs\Microsoft VS Code\bin;C:\Users\Old\AppData\Local\Android\Sdk\platform-tools;C:\Users\Old\AppData\Roaming\npm;C:\Program Files\Git\usr\bin\vendor_perl;C:\Program Files\Git\usr\bin\core_perl

Yarn version: 
  1.22.19

Node version: 
  18.12.1

Platform: 
  win32 x64

Trace: 
  Error: EPERM: operation not permitted, unlink 'C:\Users\Old\Desktop\server\node_modules\esbuild-windows-64\esbuild.exe'

npm manifest: 
  {
    "name": "server",
    "version": "1.0.0",
    "description": "",
    "main": "index.js",
    "scripts": {
      "dev": "tsx watch src/server.ts"
    },
    "repository": {
      "type": "git",
      "url": "git+https://github.com/DanielFrancajp/server.git"
    },
    "keywords": [],
    "author": "",
    "license": "ISC",
    "bugs": {
      "url": "https://github.com/DanielFrancajp/server/issues"
    },
    "homepage": "https://github.com/DanielFrancajp/server#readme",
    "dependencies": {
      "fastify": "^4.11.0"
    },
    "devDependencies": {
      "tsx": "^3.12.2",
      "typescript": "^4.9.4"
    }
  }

yarn manifest: 
  No manifest

Lockfile: 
  No lockfile
